2025-10-02 12:27:00 | DEBUG | repo=course-sys-int-systems | action=commit
2025-02-20 18:31:00 | DEBUG | repo=course-sys-int-systems | action=commit
2025-07-03 10:07:00 | DEBUG | repo=course-sys-int-systems | action=commit
2025-04-26 09:54:00 | INFO | repo=course-sys-int-systems | action=commit
2025-11-08 20:07:00 | WARN | repo=course-sys-int-systems | action=commit
2025-05-09 07:29:00 | DEBUG | repo=course-sys-int-systems | action=commit
2025-12-08 17:37:00 | WARN | repo=course-sys-int-systems | action=commit
2025-10-26 07:43:00 | DEBUG | repo=course-sys-int-systems | action=commit
2025-12-28 08:07:00 | WARN | repo=course-sys-int-systems | action=commit
2025-04-02 13:14:00 | INFO | repo=course-sys-int-systems | action=commit
2025-03-08 13:49:00 | INFO | repo=course-sys-int-systems | action=commit
2025-11-19 16:18:00 | INFO | repo=course-sys-int-systems | action=commit
2025-02-20 08:24:00 | WARN | repo=course-sys-int-systems | action=commit
2025-06-05 16:13:00 | WARN | repo=course-sys-int-systems | action=commit
2025-12-05 19:39:00 | DEBUG | repo=course-sys-int-systems | action=test | passed=true
2025-10-17 12:14:00 | DEBUG | repo=course-sys-int-systems | action=commit
2025-02-03 08:20:00 | DEBUG | repo=course-sys-int-systems | action=commit
2025-04-22 10:13:00 | INFO | repo=course-sys-int-systems | action=commit
2025-05-14 17:45:00 | INFO | repo=course-sys-int-systems | action=commit
2025-03-27 08:25:00 | INFO | repo=course-sys-int-systems | action=commit
2025-09-21 10:03:00 | WARN | repo=course-sys-int-systems | action=edit | files=2
2025-08-28 11:38:00 | WARN | repo=course-sys-int-systems | action=commit
2025-12-17 16:35:00 | INFO | repo=course-sys-int-systems | action=commit
2025-02-23 08:18:00 | DEBUG | repo=course-sys-int-systems | action=pull
2025-11-20 20:31:00 | INFO | repo=course-sys-int-systems | action=commit
2025-12-11 15:49:00 | DEBUG | repo=course-sys-int-systems | action=commit
2025-02-27 14:01:00 | INFO | repo=course-sys-int-systems | action=commit
2025-03-17 13:59:00 | DEBUG | repo=course-sys-int-systems | action=commit
2025-03-16 07:54:00 | INFO | repo=course-sys-int-systems | action=commit
2025-10-23 16:40:00 | WARN | repo=course-sys-int-systems | action=commit
2025-05-10 19:03:00 | DEBUG | repo=course-sys-int-systems | action=commit
2025-06-24 21:33:00 | INFO | repo=course-sys-int-systems | action=commit
2025-11-11 08:01:00 | WARN | repo=course-sys-int-systems | action=commit
2025-08-05 08:17:00 | INFO | repo=course-sys-int-systems | action=commit
2025-03-17 07:24:00 | DEBUG | repo=course-sys-int-systems | action=edit | files=4
2025-07-26 13:19:00 | WARN | repo=course-sys-int-systems | action=commit
2025-12-23 15:26:00 | WARN | repo=course-sys-int-systems | action=commit
2025-04-01 20:26:00 | DEBUG | repo=course-sys-int-systems | action=commit
2025-10-25 20:26:00 | WARN | repo=course-sys-int-systems | action=commit
2025-03-05 14:31:00 | WARN | repo=course-sys-int-systems | action=commit
2025-07-20 21:41:00 | WARN | repo=course-sys-int-systems | action=commit
2025-07-28 19:04:00 | INFO | repo=course-sys-int-systems | action=commit
2025-02-19 07:45:00 | DEBUG | repo=course-sys-int-systems | action=commit
2025-11-02 12:09:00 | DEBUG | repo=course-sys-int-systems | action=commit
2025-09-03 18:48:00 | INFO | repo=course-sys-int-systems | action=commit
2025-10-27 20:33:00 | INFO | repo=course-sys-int-systems | action=commit
2025-09-09 13:55:00 | DEBUG | repo=course-sys-int-systems | action=test | passed=true
2025-05-04 11:45:00 | DEBUG | repo=course-sys-int-systems | action=commit
2025-02-18 19:23:00 | WARN | repo=course-sys-int-systems | action=commit
2025-07-25 08:11:00 | DEBUG | repo=course-sys-int-systems | action=commit
2025-02-17 09:37:00 | DEBUG | repo=course-sys-int-systems | action=commit
2025-01-21 10:06:00 | INFO | repo=course-sys-int-systems | action=test | passed=true
2025-05-06 09:55:00 | WARN | repo=course-sys-int-systems | action=commit
2025-08-21 13:27:00 | WARN | repo=course-sys-int-systems | action=edit | files=2
2025-08-05 17:55:00 | INFO | repo=course-sys-int-systems | action=pull
2025-08-22 21:08:00 | INFO | repo=course-sys-int-systems | action=commit
2025-03-25 20:35:00 | WARN | repo=course-sys-int-systems | action=commit
2025-08-23 08:57:00 | WARN | repo=course-sys-int-systems | action=commit
2025-01-18 18:11:00 | INFO | repo=course-sys-int-systems | action=commit
2025-04-02 17:35:00 | WARN | repo=course-sys-int-systems | action=commit
2025-02-22 07:59:00 | WARN | repo=course-sys-int-systems | action=commit
2025-04-27 13:19:00 | INFO | repo=course-sys-int-systems | action=commit
2025-04-21 08:52:00 | WARN | repo=course-sys-int-systems | action=commit
2025-02-09 17:47:00 | INFO | repo=course-sys-int-systems | action=commit
2025-01-22 08:23:00 | INFO | repo=course-sys-int-systems | action=commit
2025-09-08 19:52:00 | WARN | repo=course-sys-int-systems | action=commit
2025-11-27 07:21:00 | WARN | repo=course-sys-int-systems | action=commit
2025-09-19 09:22:00 | WARN | repo=course-sys-int-systems | action=commit
2025-12-18 11:16:00 | DEBUG | repo=course-sys-int-systems | action=commit
2025-12-27 21:15:00 | WARN | repo=course-sys-int-systems | action=commit
2025-06-15 19:49:00 | WARN | repo=course-sys-int-systems | action=commit
2025-11-27 13:53:00 | DEBUG | repo=course-sys-int-systems | action=commit
2025-05-04 11:39:00 | DEBUG | repo=course-sys-int-systems | action=commit
2025-12-20 17:50:00 | WARN | repo=course-sys-int-systems | action=commit
2025-11-16 19:45:00 | WARN | repo=course-sys-int-systems | action=commit
2025-02-01 20:38:00 | INFO | repo=course-sys-int-systems | action=commit
2025-05-21 12:05:00 | WARN | repo=course-sys-int-systems | action=commit
2025-06-22 11:04:00 | INFO | repo=course-sys-int-systems | action=test | passed=true
2025-08-05 08:05:00 | INFO | repo=course-sys-int-systems | action=edit | files=2
2025-07-27 08:05:00 | DEBUG | repo=course-sys-int-systems | action=pull
2025-08-23 14:36:00 | INFO | repo=course-sys-int-systems | action=test | passed=true
2025-07-07 08:29:00 | WARN | repo=course-sys-int-systems | action=commit
2025-03-25 12:06:00 | DEBUG | repo=course-sys-int-systems | action=commit
2025-07-10 10:29:00 | DEBUG | repo=course-sys-int-systems | action=edit | files=2
2025-02-01 07:26:00 | WARN | repo=course-sys-int-systems | action=commit
2025-07-13 16:06:00 | WARN | repo=course-sys-int-systems | action=edit | files=1
2025-04-04 09:30:00 | WARN | repo=course-sys-int-systems | action=test | passed=true
2025-04-21 07:36:00 | INFO | repo=course-sys-int-systems | action=commit
2025-07-05 09:58:00 | INFO | repo=course-sys-int-systems | action=commit
2025-11-12 12:24:00 | INFO | repo=course-sys-int-systems | action=commit
2025-10-05 14:23:00 | WARN | repo=course-sys-int-systems | action=commit
2025-01-23 21:41:00 | WARN | repo=course-sys-int-systems | action=commit
2025-05-22 16:24:00 | DEBUG | repo=course-sys-int-systems | action=commit
2025-10-02 07:27:00 | WARN | repo=course-sys-int-systems | action=commit
2025-11-27 20:06:00 | INFO | repo=course-sys-int-systems | action=commit
2025-01-27 10:39:00 | DEBUG | repo=course-sys-int-systems | action=commit
2025-07-27 12:03:00 | WARN | repo=course-sys-int-systems | action=commit
2025-01-25 18:06:00 | INFO | repo=course-sys-int-systems | action=pull
2025-04-27 08:55:00 | INFO | repo=course-sys-int-systems | action=commit
2025-08-01 13:25:00 | DEBUG | repo=course-sys-int-systems | action=commit
2025-02-01 19:57:00 | DEBUG | repo=course-sys-int-systems | action=commit
2025-11-21 13:37:00 | DEBUG | repo=course-sys-int-systems | action=commit
2025-04-22 11:01:00 | INFO | repo=course-sys-int-systems | action=commit
2025-06-02 21:08:00 | INFO | repo=course-sys-int-systems | action=commit
2025-01-15 20:45:00 | INFO | repo=course-sys-int-systems | action=commit
2025-09-11 08:45:00 | INFO | repo=course-sys-int-systems | action=commit
2025-12-20 20:57:00 | WARN | repo=course-sys-int-systems | action=commit
2025-10-06 07:33:00 | DEBUG | repo=course-sys-int-systems | action=commit
2025-04-28 08:32:00 | DEBUG | repo=course-sys-int-systems | action=commit
2025-01-13 14:07:00 | WARN | repo=course-sys-int-systems | action=commit
2025-03-25 09:13:00 | DEBUG | repo=course-sys-int-systems | action=commit
2025-11-14 18:47:00 | DEBUG | repo=course-sys-int-systems | action=test | passed=true
2025-12-12 08:36:00 | INFO | repo=course-sys-int-systems | action=commit
2025-12-16 07:47:00 | INFO | repo=course-sys-int-systems | action=commit
2025-09-08 20:20:00 | INFO | repo=course-sys-int-systems | action=commit
2025-11-16 08:27:00 | WARN | repo=course-sys-int-systems | action=commit
2025-10-28 19:30:00 | DEBUG | repo=course-sys-int-systems | action=commit
2025-03-10 07:06:00 | DEBUG | repo=course-sys-int-systems | action=commit
2025-04-14 08:48:00 | INFO | repo=course-sys-int-systems | action=test | passed=true
2025-06-03 16:58:00 | WARN | repo=course-sys-int-systems | action=commit
2025-12-24 10:28:00 | WARN | repo=course-sys-int-systems | action=commit
2025-10-06 19:13:00 | WARN | repo=course-sys-int-systems | action=commit
2025-01-07 15:18:00 | INFO | repo=course-sys-int-systems | action=commit
2025-02-15 11:46:00 | INFO | repo=course-sys-int-systems | action=commit
2025-07-17 17:32:00 | DEBUG | repo=course-sys-int-systems | action=commit
2025-09-08 14:22:00 | WARN | repo=course-sys-int-systems | action=commit
2025-05-14 20:28:00 | INFO | repo=course-sys-int-systems | action=commit
2025-06-26 13:04:00 | INFO | repo=course-sys-int-systems | action=commit
2025-02-01 20:29:00 | DEBUG | repo=course-sys-int-systems | action=commit
2025-03-19 07:45:00 | WARN | repo=course-sys-int-systems | action=commit
